<?xml version="1.0" encoding="UTF-8"?>
<testsuite xmlns:xsi="http://www.w3.org/2001/XMLSchema-instance" xsi:noNamespaceSchemaLocation="https://maven.apache.org/surefire/maven-surefire-plugin/xsd/surefire-test-report.xsd" name="CRUD Articles" time="66.453" tests="4" errors="0" skipped="0" failures="0">
  <properties>
[...]
</properties>
  <testcase name="Create a new article" classname="CRUD Articles" time="28.114"/>
  <testcase name="Update article" classname="CRUD Articles" time="13.283"/>
  <testcase name="Post comment to article" classname="CRUD Articles" time="12.499"/>
  <testcase name="Delete article" classname="CRUD Articles" time="12.547"/>
</testsuite>